<?xml version="1.0" encoding="UTF-8" ?>
<!DOCTYPE tiles-definitions PUBLIC
        "-//Apache Software Foundation//DTD Tiles Configuration 3.0//EN"
        "http://tiles.apache.org/dtds/tiles-config_3_0.dtd">
<!-- http://tiles.apache.org/framework/config-reference.html -->
<tiles-definitions>
    <!-- tiles基础模板 -->
    <definition name="task4-head" template="/WEB-INF/views/core/task4-header.jsp">
        <put-attribute name="cssresources" value="/WEB-INF/views/core/task4-css.jsp" />
    </definition>

    <definition name="task4-h" extends="task4-head">
        <put-attribute name="title" value="首页" />
    </definition>


    <definition name="task4-footer" template="/WEB-INF/views/core/task4-footer.jsp">
        <put-attribute name="jsresources" value="/WEB-INF/views/core/task4-js.jsp" />
    </definition>

    <definition name="task4-f" extends="task4-footer">
        <put-attribute name="title" value="首页" />
    </definition>

    <definition name="task4-left" template="/WEB-INF/views/core/task4-left.jsp">
        <put-attribute name="cssleft" value="/WEB-INF/views/core/task4-left-css.jsp" />
    </definition>

    <definition name="task4-l" extends="task4-left">
        <put-attribute name="title" value="首页" />
    </definition>

</tiles-definitions>